<?xml version="1.0" encoding="UTF-8"?>
<!-- Generated by org.testng.reporters.JUnitReportReporter -->
<testsuite skipped="0" hostname="f67064bdd2b1" name="com.searchmodule.tests.SearchTest" tests="4" failures="0" timestamp="25 Jun 2019 20:01:40 GMT" time="25.076" errors="0">
  <testcase name="search" time="6.254" classname="com.searchmodule.tests.SearchTest"/>
  <testcase name="search" time="4.723" classname="com.searchmodule.tests.SearchTest"/>
  <testcase name="search" time="5.287" classname="com.searchmodule.tests.SearchTest"/>
  <testcase name="search" time="8.812" classname="com.searchmodule.tests.SearchTest"/>
</testsuite> <!-- com.searchmodule.tests.SearchTest -->
