<?xml version="1.0" encoding="UTF-8"?>
<!-- Generated by org.testng.reporters.JUnitReportReporter -->
<testsuite skipped="0" hostname="9aedf297d851" name="com.newtours.tests.BookFlightTest" tests="20" failures="0" timestamp="25 Jun 2019 20:02:04 GMT" time="208.487" errors="0">
  <testcase name="registrationConfirmationPage" time="0.826" classname="com.newtours.tests.BookFlightTest"/>
  <testcase name="flightConfirmationPage" time="1.010" classname="com.newtours.tests.BookFlightTest"/>
  <testcase name="findFlightPage" time="1.700" classname="com.newtours.tests.BookFlightTest"/>
  <testcase name="flightDetailsPage" time="0.863" classname="com.newtours.tests.BookFlightTest"/>
  <testcase name="registrationPage" time="38.330" classname="com.newtours.tests.BookFlightTest"/>
  <testcase name="flightConfirmationPage" time="0.939" classname="com.newtours.tests.BookFlightTest"/>
  <testcase name="registrationPage" time="19.561" classname="com.newtours.tests.BookFlightTest"/>
  <testcase name="flightConfirmationPage" time="0.977" classname="com.newtours.tests.BookFlightTest"/>
  <testcase name="registrationConfirmationPage" time="0.767" classname="com.newtours.tests.BookFlightTest"/>
  <testcase name="flightConfirmationPage" time="0.969" classname="com.newtours.tests.BookFlightTest"/>
  <testcase name="flightDetailsPage" time="0.773" classname="com.newtours.tests.BookFlightTest"/>
  <testcase name="registrationConfirmationPage" time="0.723" classname="com.newtours.tests.BookFlightTest"/>
  <testcase name="findFlightPage" time="1.671" classname="com.newtours.tests.BookFlightTest"/>
  <testcase name="registrationPage" time="56.492" classname="com.newtours.tests.BookFlightTest"/>
  <testcase name="findFlightPage" time="1.697" classname="com.newtours.tests.BookFlightTest"/>
  <testcase name="flightDetailsPage" time="0.771" classname="com.newtours.tests.BookFlightTest"/>
  <testcase name="registrationPage" time="77.026" classname="com.newtours.tests.BookFlightTest"/>
  <testcase name="findFlightPage" time="1.845" classname="com.newtours.tests.BookFlightTest"/>
  <testcase name="registrationConfirmationPage" time="0.730" classname="com.newtours.tests.BookFlightTest"/>
  <testcase name="flightDetailsPage" time="0.817" classname="com.newtours.tests.BookFlightTest"/>
</testsuite> <!-- com.newtours.tests.BookFlightTest -->
